[2025-05-27 10:43:02,768] 24 root - INFO - Data Ingestion method starts
[2025-05-27 10:43:03,011] 29 root - INFO - Dataset read as pandas DataFrame
[2025-05-27 10:43:04,335] 36 root - INFO - Raw data saved at: artifacts\raw.csv
[2025-05-27 10:43:04,336] 39 root - INFO - Train-test split in progress
[2025-05-27 10:43:05,519] 46 root - INFO - Data Ingestion is completed successfully
[2025-05-27 10:43:05,524] 29 root - INFO - Data Ingestion Successful: Train path - artifacts\train.csv, Test path - artifacts\test.csv
[2025-05-27 10:43:05,810] 100 root - INFO - Reading of train and test data has been completed
[2025-05-27 10:43:05,816] 101 root - INFO - Train DataFrame Head: 
        id  carat        cut color clarity  depth  table     x     y     z  price
0   11504   0.41      Ideal     E    VVS2   60.6   56.0  4.85  4.80  2.93   1181
1   95284   1.23  Very Good     H     VS1   59.9   59.0  6.91  7.01  4.19   7418
2  184777   1.70    Premium     H     VS2   62.0   58.0  7.61  7.66  4.74  12755
3    5419   0.33      Ideal     F    VVS1   61.2   56.0  4.47  4.44  2.73   1020
4   45466   0.33  Very Good     I     SI1   62.1   58.0  4.41  4.45  2.75    445
[2025-05-27 10:43:05,828] 102 root - INFO - Test DataFrame Head: 
        id  carat        cut color clarity  depth  table     x     y     z  price
0   14868   0.50      Ideal     D     SI1   62.1   57.0  5.05  5.08  3.14   1355
1  165613   2.00  Very Good     G     SI2   59.5   57.0  8.08  8.15  4.89  14691
2   96727   0.27    Premium     E    VVS1   60.5   59.0  4.19  4.16  2.52    844
3  145593   0.32    Premium     I    VVS1   61.2   59.0  4.43  4.44  2.71    707
4  118689   1.19      Ideal     H     SI1   62.5   56.0  6.77  6.81  4.23   5797
[2025-05-27 10:43:05,828] 106 root - INFO - Obtaining Preprocessor Object
[2025-05-27 10:43:05,828] 36 root - INFO - Data Transformation Initiated
[2025-05-27 10:43:06,186] 130 root - INFO - Applying Preprocessor object to the train and test datasets
[2025-05-27 10:43:06,206] 144 root - INFO - Preprocessor is created and saved
[2025-05-27 10:43:06,216] 23 root - INFO - Splitting independent and dependent variables
[2025-05-27 10:43:19,726] 37 root - INFO - Model report: {'LinearRegression': 0.9362906819996047, 'Lasso': 0.9362951087198786, 'Ridge': 0.9362900967491631, 'ElasticNet': 0.9344802075796699, 'DecisionTreeRegressor': 0.9748680576399252, 'RandomForestRegressor': 0.9782269601101488}
[2025-05-27 10:43:19,726] 43 root - INFO - Best Model: RandomForestRegressor, R2 Score: 0.9782
